1679746236.236440 client started (1414963): version 3.0a, socket /tmp/tmux-0/default, protocol 8
1679746236.236525 on Linux 5.4.0-139-generic #156-Ubuntu SMP Fri Jan 20 17:27:18 UTC 2023; libevent 2.1.11-stable (poll)
1679746236.236582 socket is /tmp/tmux-0/default
1679746236.236602 trying connect
1679746236.236799 add peer 0x556be34a4ee0: 6 ((nil))
1679746236.236914 sending message 100 to peer 0x556be34a4ee0 (4 bytes)
1679746236.236923 sending message 101 to peer 0x556be34a4ee0 (6 bytes)
1679746236.236929 sending message 102 to peer 0x556be34a4ee0 (11 bytes)
1679746236.236935 sending message 108 to peer 0x556be34a4ee0 (14 bytes)
1679746236.236942 sending message 104 to peer 0x556be34a4ee0 (0 bytes)
1679746236.236949 sending message 107 to peer 0x556be34a4ee0 (4 bytes)
1679746236.236954 sending message 105 to peer 0x556be34a4ee0 (16 bytes)
1679746236.236960 sending message 105 to peer 0x556be34a4ee0 (16 bytes)
1679746236.236966 sending message 105 to peer 0x556be34a4ee0 (18 bytes)
1679746236.236971 sending message 105 to peer 0x556be34a4ee0 (13 bytes)
1679746236.236977 sending message 105 to peer 0x556be34a4ee0 (21 bytes)
1679746236.236983 sending message 105 to peer 0x556be34a4ee0 (15 bytes)
1679746236.236988 sending message 105 to peer 0x556be34a4ee0 (11 bytes)
1679746236.236994 sending message 105 to peer 0x556be34a4ee0 (17 bytes)
1679746236.237000 sending message 105 to peer 0x556be34a4ee0 (1506 bytes)
1679746236.237017 sending message 105 to peer 0x556be34a4ee0 (52 bytes)
1679746236.237025 sending message 105 to peer 0x556be34a4ee0 (34 bytes)
1679746236.237034 sending message 105 to peer 0x556be34a4ee0 (23 bytes)
1679746236.237041 sending message 105 to peer 0x556be34a4ee0 (11 bytes)
1679746236.237049 sending message 105 to peer 0x556be34a4ee0 (32 bytes)
1679746236.237059 sending message 105 to peer 0x556be34a4ee0 (10 bytes)
1679746236.237067 sending message 105 to peer 0x556be34a4ee0 (8 bytes)
1679746236.237075 sending message 105 to peer 0x556be34a4ee0 (19 bytes)
1679746236.237083 sending message 105 to peer 0x556be34a4ee0 (28 bytes)
1679746236.237091 sending message 105 to peer 0x556be34a4ee0 (34 bytes)
1679746236.237100 sending message 105 to peer 0x556be34a4ee0 (65 bytes)
1679746236.237108 sending message 105 to peer 0x556be34a4ee0 (104 bytes)
1679746236.237117 sending message 105 to peer 0x556be34a4ee0 (51 bytes)
1679746236.237124 sending message 105 to peer 0x556be34a4ee0 (19 bytes)
1679746236.237130 sending message 105 to peer 0x556be34a4ee0 (16 bytes)
1679746236.237135 sending message 105 to peer 0x556be34a4ee0 (13 bytes)
1679746236.237140 sending message 106 to peer 0x556be34a4ee0 (0 bytes)
1679746236.237148 cmd_pack_argv: argv[0]=new
1679746236.237153 sending message 200 to peer 0x556be34a4ee0 (8 bytes)
1679746236.237159 client loop enter
1679746236.237304 client loop exit
